SF:lib\features\home\domain\entity\artist_entity.dart
DA:11,2
DA:20,0
DA:21,0
LF:3
LH:1
end_of_record
SF:lib\features\home\domain\usecases\artist_usecase.dart
DA:7,0
DA:8,0
DA:9,0
DA:15,0
DA:17,0
DA:18,0
DA:22,0
DA:23,0
LF:8
LH:0
end_of_record
SF:lib\features\home\presentation\viewmodel\artist_view_model.dart
DA:7,2
DA:8,1
DA:9,0
DA:10,0
DA:14,1
DA:15,2
DA:16,1
DA:21,1
DA:22,2
DA:23,1
DA:26,1
DA:27,3
DA:28,1
DA:29,2
DA:30,1
DA:31,1
DA:34,2
DA:35,1
DA:36,0
DA:37,0
DA:38,1
DA:39,1
DA:40,3
DA:42,3
DA:43,2
LF:25
LH:21
end_of_record
SF:lib\core\failure\failure.dart
DA:5,0
DA:12,0
LF:2
LH:0
end_of_record
SF:lib\features\home\domain\repository\artist_repository.dart
DA:11,0
DA:12,0
LF:2
LH:0
end_of_record
SF:lib\features\auth\data\model\auth_api_model.dart
DA:8,0
DA:9,0
DA:21,0
DA:30,12
DA:38,0
DA:39,0
DA:40,0
DA:41,0
DA:42,0
DA:43,0
DA:44,0
DA:45,0
DA:49,0
DA:50,0
DA:51,0
DA:52,0
DA:53,0
DA:54,0
DA:55,0
DA:59,0
DA:60,0
DA:62,0
DA:64,0
DA:65,0
DA:66,0
DA:67,0
DA:68,0
DA:69,0
DA:70,0
DA:71,0
LF:30
LH:1
end_of_record
SF:lib\features\auth\data\model\auth_api_model.g.dart
DA:9,0
DA:10,0
DA:11,0
DA:12,0
DA:13,0
DA:14,0
DA:15,0
DA:18,0
DA:19,0
DA:20,0
DA:21,0
DA:22,0
DA:23,0
DA:24,0
DA:25,0
LF:15
LH:0
end_of_record
SF:lib\features\auth\domain\entity\auth_entity.dart
DA:12,1
DA:22,0
DA:24,0
LF:3
LH:1
end_of_record
SF:lib\features\booking\data\data_source\remote\booking_remote_data_source.dart
DA:12,2
DA:13,2
DA:14,1
DA:15,4
DA:22,1
DA:24,0
DA:27,0
DA:29,0
DA:30,0
DA:31,0
DA:32,0
DA:33,0
DA:35,0
DA:37,0
DA:38,0
DA:39,0
DA:42,0
DA:45,0
DA:48,0
DA:52,0
DA:55,0
DA:57,0
DA:59,0
DA:61,0
DA:62,0
DA:65,0
DA:66,0
DA:67,0
DA:69,0
DA:72,0
LF:30
LH:5
end_of_record
SF:lib\app\constants\api_endpoint.dart
DA:2,0
LF:1
LH:0
end_of_record
SF:lib\core\networking\remote\http_service.dart
DA:9,3
DA:10,4
DA:16,2
DA:18,1
DA:19,1
DA:20,2
DA:21,2
DA:22,2
DA:23,3
DA:24,3
DA:26,3
LF:11
LH:11
end_of_record
SF:lib\core\shared_prefs\user_shared_prefs.dart
DA:7,8
DA:8,2
DA:15,0
DA:17,0
DA:18,0
DA:21,0
DA:26,0
DA:28,0
DA:29,0
DA:31,0
DA:33,0
DA:36,0
DA:38,0
DA:39,0
DA:42,0
DA:47,0
DA:49,0
DA:50,0
DA:53,0
DA:58,0
DA:60,0
DA:61,0
DA:64,0
DA:66,0
DA:69,0
LF:25
LH:2
end_of_record
SF:lib\features\booking\data\dto\get_booking_dto.dart
DA:11,0
DA:13,0
DA:14,0
DA:16,0
LF:4
LH:0
end_of_record
SF:lib\features\booking\data\dto\get_booking_dto.g.dart
DA:9,0
DA:10,0
DA:11,0
DA:12,0
DA:13,0
DA:14,0
DA:17,0
DA:18,0
DA:19,0
DA:20,0
LF:10
LH:0
end_of_record
SF:lib\features\booking\data\model\booking_api_model.dart
DA:9,0
DA:10,0
DA:25,0
DA:36,0
DA:40,0
DA:46,0
DA:47,0
DA:49,0
DA:51,0
DA:52,0
DA:53,0
DA:54,0
DA:55,0
DA:56,0
DA:57,0
DA:58,0
DA:59,0
DA:60,0
DA:64,0
DA:65,0
DA:66,0
DA:67,0
DA:68,0
DA:69,0
DA:70,0
DA:71,0
DA:72,0
DA:75,0
DA:76,0
DA:78,0
DA:79,0
DA:80,0
DA:81,0
DA:82,0
DA:83,0
DA:84,0
DA:85,0
DA:86,0
DA:87,0
LF:39
LH:0
end_of_record
SF:lib\features\booking\data\model\booking_api_model.g.dart
DA:9,0
DA:10,0
DA:11,0
DA:12,0
DA:13,0
DA:14,0
DA:15,0
DA:16,0
DA:17,0
DA:18,0
DA:20,0
DA:23,0
DA:24,0
DA:25,0
DA:26,0
DA:27,0
DA:28,0
DA:29,0
DA:30,0
DA:31,0
DA:32,0
LF:21
LH:0
end_of_record
SF:lib\features\booking\domain\entity\booking_entity.dart
DA:14,1
DA:25,0
DA:26,0
DA:27,0
DA:28,0
DA:29,0
DA:30,0
DA:31,0
DA:32,0
DA:33,0
DA:34,0
LF:11
LH:1
end_of_record
SF:lib\features\booking\data\repository\booking_remote_repository.dart
DA:8,2
DA:9,2
DA:10,1
DA:11,2
DA:17,1
DA:19,0
DA:22,0
DA:25,0
DA:27,0
LF:9
LH:5
end_of_record
SF:lib\features\booking\domain\repository\booking_repository.dart
DA:8,4
DA:9,2
LF:2
LH:2
end_of_record
SF:lib\features\booking\domain\usecases\booking_usecase.dart
DA:8,4
DA:9,3
DA:15,1
DA:17,0
DA:18,0
DA:21,0
DA:22,0
LF:7
LH:3
end_of_record
SF:lib\features\booking\presentation\state\booking_state.dart
DA:5,2
DA:7,2
DA:8,2
DA:14,1
DA:18,1
DA:19,1
DA:20,0
LF:7
LH:6
end_of_record
SF:lib\features\booking\presentation\view\booking_view.dart
DA:9,1
DA:11,1
DA:12,1
DA:26,1
DA:28,3
DA:29,4
DA:31,3
DA:33,1
DA:34,1
DA:36,0
DA:38,1
DA:40,1
DA:41,1
DA:42,1
DA:44,1
DA:45,1
DA:47,1
DA:54,1
DA:55,1
DA:59,0
DA:60,0
DA:67,1
DA:68,1
DA:73,0
DA:74,0
DA:81,1
DA:82,1
DA:87,0
DA:88,0
DA:95,1
DA:97,1
DA:99,1
DA:100,1
DA:101,0
DA:102,0
DA:103,0
DA:105,0
DA:107,0
DA:108,0
DA:114,0
DA:117,1
DA:121,0
DA:122,1
DA:123,1
DA:130,1
DA:131,0
DA:142,1
DA:150,1
DA:153,1
DA:156,1
DA:158,1
DA:159,1
DA:160,1
DA:163,1
DA:165,1
DA:170,1
DA:171,1
DA:172,1
DA:174,1
DA:177,1
DA:178,1
DA:180,1
DA:181,1
DA:184,1
DA:186,1
DA:187,0
DA:188,0
DA:189,0
DA:190,0
DA:191,0
DA:192,0
DA:194,0
DA:195,0
DA:196,0
DA:197,0
DA:201,0
DA:202,0
DA:210,1
DA:211,1
DA:212,1
DA:214,1
DA:217,1
DA:218,1
DA:220,1
DA:221,1
DA:224,1
DA:226,1
DA:227,0
DA:228,0
DA:229,0
DA:230,0
DA:232,0
DA:233,0
DA:234,0
DA:235,0
DA:239,0
DA:240,0
LF:97
LH:59
end_of_record
SF:lib\features\booking\presentation\viewmodel\booking_viewmodel.dart
DA:7,4
DA:8,3
DA:9,2
DA:10,1
DA:16,2
DA:17,4
DA:19,1
DA:20,3
DA:21,2
LF:9
LH:9
end_of_record
SF:lib\core\common\show_my_snackbar.dart
DA:5,0
DA:9,0
DA:11,0
DA:12,0
DA:13,0
DA:14,0
LF:6
LH:0
end_of_record
SF:lib\app\constants\hive_table_constant.dart
DA:2,0
LF:1
LH:0
end_of_record
SF:lib\app\navigator\navigator.dart
DA:6,0
DA:9,0
DA:10,0
DA:11,0
DA:12,0
DA:17,0
DA:18,0
DA:19,0
DA:20,0
DA:25,0
DA:26,0
DA:27,0
LF:12
LH:0
end_of_record
SF:lib\app\navigator_key\navigator_key.dart
DA:4,0
DA:6,0
LF:2
LH:0
end_of_record
SF:lib\core\common\provider\internet_connectivity.dart
DA:8,0
DA:9,0
DA:10,0
DA:17,0
DA:18,0
DA:20,0
DA:21,0
DA:22,0
DA:23,0
DA:25,0
DA:27,0
DA:28,0
DA:29,0
LF:13
LH:0
end_of_record
SF:lib\core\common\provider\theme_view_model_provider.dart
DA:3,0
DA:4,0
DA:7,0
DA:9,0
DA:10,0
LF:5
LH:0
end_of_record
SF:lib\core\common\widgets\my_artist_cart.dart
DA:262,0
DA:264,0
DA:266,0
DA:268,0
DA:269,0
DA:270,0
DA:271,0
DA:273,0
DA:274,0
DA:275,0
DA:276,0
DA:284,0
DA:285,0
DA:286,0
DA:288,0
DA:289,0
DA:290,0
DA:291,0
DA:292,0
DA:294,0
DA:295,0
DA:296,0
DA:298,0
DA:301,0
DA:304,0
DA:311,0
DA:316,0
DA:325,0
DA:327,0
DA:329,0
DA:330,0
DA:331,0
DA:332,0
DA:335,0
DA:341,0
DA:342,0
DA:343,0
DA:345,0
DA:346,0
DA:355,0
DA:358,0
DA:359,0
DA:361,0
DA:365,0
DA:366,0
DA:368,0
DA:369,0
LF:47
LH:0
end_of_record
SF:lib\features\single_artist\presentation\widgets\my_single_artist.dart
DA:13,0
DA:20,0
DA:22,0
DA:24,0
DA:25,0
DA:27,0
DA:29,0
DA:31,0
DA:32,0
DA:33,0
DA:34,0
DA:41,0
DA:42,0
DA:43,0
DA:45,0
DA:47,0
DA:49,0
DA:50,0
DA:51,0
DA:53,0
DA:54,0
DA:55,0
DA:56,0
DA:57,0
DA:62,0
DA:63,0
DA:64,0
DA:66,0
DA:71,0
DA:72,0
DA:73,0
DA:82,0
DA:83,0
DA:84,0
DA:85,0
DA:86,0
DA:87,0
DA:96,0
DA:97,0
DA:101,0
DA:103,0
DA:112,0
DA:114,0
DA:127,0
DA:128,0
DA:129,0
DA:137,0
DA:139,0
DA:140,0
DA:141,0
DA:142,0
DA:143,0
DA:148,0
DA:149,0
DA:150,0
DA:152,0
DA:157,0
DA:159,0
DA:161,0
DA:166,0
DA:180,0
DA:181,0
DA:182,0
DA:183,0
DA:184,0
DA:186,0
DA:187,0
DA:188,0
DA:193,0
DA:194,0
DA:197,0
DA:198,0
LF:72
LH:0
end_of_record
SF:lib\core\networking\local\hive_service.dart
DA:9,0
DA:12,0
DA:13,0
DA:14,0
DA:18,0
DA:25,0
DA:26,0
DA:27,0
DA:30,0
DA:31,0
DA:32,0
DA:33,0
DA:38,0
DA:39,0
DA:40,0
DA:41,0
DA:42,0
DA:47,0
DA:48,0
DA:49,0
DA:50,0
DA:51,0
LF:22
LH:0
end_of_record
SF:lib\features\auth\data\model\auth_hive_model.dart
DA:10,0
DA:11,0
DA:37,0
DA:45,0
DA:48,0
DA:49,0
DA:59,0
DA:60,0
DA:61,0
DA:62,0
DA:63,0
DA:65,0
DA:66,0
DA:70,0
DA:71,0
DA:72,0
DA:73,0
DA:74,0
DA:76,0
DA:77,0
DA:81,0
DA:82,0
DA:84,0
DA:86,0
LF:24
LH:0
end_of_record
SF:lib\features\auth\data\model\auth_hive_model.g.dart
DA:13,0
DA:15,0
DA:16,0
DA:17,0
DA:19,0
DA:20,0
DA:21,0
DA:22,0
DA:23,0
DA:24,0
DA:25,0
DA:29,0
DA:32,0
DA:33,0
DA:34,0
DA:35,0
DA:36,0
DA:37,0
DA:38,0
DA:39,0
DA:40,0
DA:41,0
DA:42,0
DA:43,0
DA:44,0
DA:47,0
DA:48,0
DA:50,0
DA:53,0
DA:54,0
DA:55,0
LF:31
LH:0
end_of_record
SF:lib\features\auth\data\data_source\local\auth_local_data_source.dart
DA:8,0
DA:9,0
DA:10,0
DA:11,0
DA:19,0
DA:21,0
DA:23,0
DA:30,0
DA:33,0
DA:37,0
DA:42,0
DA:43,0
DA:46,0
LF:13
LH:0
end_of_record
SF:lib\features\auth\data\data_source\remote\auth_remote_data_source.dart
DA:96,0
DA:97,0
DA:98,0
DA:99,0
DA:100,0
DA:109,0
DA:115,0
DA:117,0
DA:119,0
DA:121,0
DA:124,0
DA:125,0
DA:126,0
DA:127,0
DA:129,0
DA:130,0
DA:134,0
DA:137,0
DA:138,0
DA:140,0
DA:141,0
DA:142,0
DA:147,0
DA:148,0
DA:149,0
DA:150,0
DA:151,0
DA:155,0
DA:157,0
DA:159,0
DA:161,0
DA:162,0
DA:163,0
DA:166,0
DA:167,0
DA:168,0
DA:169,0
DA:171,0
DA:172,0
DA:176,0
DA:179,0
DA:180,0
DA:181,0
DA:182,0
DA:184,0
DA:186,0
DA:187,0
DA:191,0
DA:192,0
DA:194,0
DA:195,0
DA:196,0
DA:197,0
DA:199,0
DA:200,0
DA:204,0
DA:207,0
DA:208,0
DA:209,0
DA:210,0
DA:212,0
DA:214,0
DA:215,0
DA:218,0
DA:221,0
DA:222,0
DA:223,0
DA:224,0
DA:226,0
DA:227,0
LF:70
LH:0
end_of_record
SF:lib\features\auth\data\repository\auth_local_repository.dart
DA:8,0
DA:9,0
DA:10,0
DA:16,0
DA:18,0
DA:20,0
DA:23,0
DA:25,0
DA:28,0
DA:31,0
DA:34,0
DA:37,0
DA:40,0
DA:43,0
LF:14
LH:0
end_of_record
SF:lib\features\auth\domain\repository\i_auth_repository.dart
DA:10,0
DA:12,0
DA:14,0
DA:15,0
DA:17,0
LF:5
LH:0
end_of_record
SF:lib\features\auth\data\repository\auth_remote_repository.dart
DA:8,0
DA:9,0
DA:10,0
DA:16,0
DA:18,0
DA:20,0
DA:23,0
DA:25,0
DA:28,0
DA:30,0
DA:33,0
DA:35,0
DA:38,0
DA:40,0
LF:14
LH:0
end_of_record
SF:lib\features\auth\domain\usecases\auth_usecase.dart
DA:8,0
DA:9,0
DA:17,0
DA:21,0
DA:22,0
DA:25,0
DA:26,0
DA:29,0
DA:30,0
DA:33,0
DA:34,0
DA:37,0
DA:38,0
DA:39,0
DA:40,0
DA:41,0
DA:44,0
LF:17
LH:0
end_of_record
SF:lib\features\auth\presentation\navigator\login_navigator.dart
DA:7,0
DA:12,0
DA:13,0
LF:3
LH:0
end_of_record
SF:lib\features\auth\presentation\navigator\register_navigator.dart
DA:6,0
DA:7,0
DA:12,0
DA:13,0
LF:4
LH:0
end_of_record
SF:lib\features\home\presentation\navigator\home_navigator.dart
DA:6,0
DA:7,0
DA:13,0
DA:14,0
LF:4
LH:0
end_of_record
SF:lib\features\auth\presentation\view\login_view.dart
DA:8,9
DA:10,1
DA:11,1
DA:19,1
DA:21,1
DA:23,1
DA:25,1
DA:27,1
DA:30,1
DA:31,1
DA:46,1
DA:47,1
DA:48,1
DA:49,1
DA:50,1
DA:51,1
DA:55,0
DA:56,0
DA:59,0
DA:67,1
DA:68,1
DA:72,0
DA:73,0
DA:76,0
DA:84,1
DA:85,4
DA:87,1
DA:88,0
DA:89,0
DA:90,0
DA:91,0
DA:92,0
DA:95,1
DA:99,1
DA:100,1
DA:106,1
DA:107,1
DA:110,0
DA:111,0
DA:112,0
DA:113,0
DA:128,1
DA:130,1
DA:131,1
DA:133,0
DA:138,1
DA:140,0
DA:145,1
DA:147,0
DA:155,1
DA:156,0
DA:157,0
DA:159,0
DA:160,0
DA:164,1
DA:193,1
DA:201,1
DA:203,1
DA:205,1
DA:206,1
DA:207,1
DA:210,1
DA:218,1
DA:219,1
DA:221,1
LF:65
LH:43
end_of_record
SF:lib\features\auth\presentation\view\register_view.dart
DA:8,9
DA:10,1
DA:11,1
DA:23,1
DA:25,1
DA:27,1
DA:29,1
DA:31,1
DA:34,1
DA:35,1
DA:51,1
DA:52,1
DA:53,1
DA:54,1
DA:55,1
DA:56,1
DA:57,1
DA:58,1
DA:59,1
DA:62,0
DA:63,0
DA:71,1
DA:72,1
DA:73,1
DA:76,0
DA:77,0
DA:88,1
DA:89,1
DA:93,0
DA:94,0
DA:97,0
DA:105,1
DA:106,1
DA:109,0
DA:110,0
DA:113,0
DA:121,1
DA:122,1
DA:125,0
DA:126,0
DA:129,0
DA:137,1
DA:138,1
DA:142,0
DA:143,0
DA:146,0
DA:154,1
DA:157,1
DA:158,0
DA:159,0
DA:160,0
DA:161,0
DA:162,0
DA:163,0
DA:164,0
DA:165,0
DA:168,0
DA:169,0
DA:170,0
DA:197,1
DA:201,1
DA:202,1
DA:210,1
DA:211,0
DA:212,0
DA:214,0
DA:215,0
DA:218,1
DA:247,1
DA:255,1
DA:257,1
DA:259,1
DA:260,1
DA:261,1
DA:264,1
DA:272,1
DA:280,1
DA:282,1
DA:284,1
DA:285,1
DA:286,1
DA:289,1
LF:82
LH:51
end_of_record
SF:lib\features\auth\presentation\state\auth_state.dart
DA:6,1
DA:12,1
DA:13,1
DA:20,1
DA:25,1
DA:26,0
DA:27,1
DA:28,1
DA:32,0
DA:33,0
LF:10
LH:7
end_of_record
SF:lib\features\auth\presentation\viewmodel\auth_view_model.dart
DA:10,3
DA:11,0
DA:12,0
DA:13,0
DA:18,3
DA:23,1
DA:24,3
DA:25,2
DA:41,1
DA:45,3
DA:46,2
DA:60,0
DA:61,0
DA:64,0
DA:65,0
DA:68,0
DA:69,0
DA:73,0
DA:82,0
DA:87,0
DA:88,0
DA:89,0
DA:90,0
DA:92,0
DA:93,0
DA:94,0
DA:99,0
DA:104,1
DA:105,2
LF:29
LH:10
end_of_record
SF:lib\features\home\presentation\view\home_view.dart
DA:19,4
DA:21,0
DA:22,0
DA:42,0
DA:84,0
DA:85,0
DA:86,0
DA:115,0
DA:116,0
DA:117,0
DA:118,0
LF:11
LH:1
end_of_record
SF:lib\features\favourite\domain\entity\favourite_entity.dart
DA:10,0
DA:12,0
DA:13,0
LF:3
LH:0
end_of_record
SF:lib\features\favourite\presentation\view\favourite_view.dart
DA:8,4
DA:10,0
DA:13,0
DA:14,0
DA:16,0
DA:21,0
DA:23,0
DA:30,0
DA:31,0
DA:36,0
DA:38,0
DA:39,0
DA:40,0
DA:41,0
DA:42,0
DA:43,0
DA:44,0
DA:45,0
DA:55,0
DA:56,0
DA:58,0
DA:59,0
DA:60,0
DA:62,0
DA:64,0
DA:67,0
DA:68,0
DA:69,0
DA:71,0
DA:82,0
DA:84,0
DA:85,0
DA:87,0
DA:94,0
DA:95,0
DA:101,0
DA:103,0
DA:105,0
DA:106,0
DA:107,0
DA:113,0
DA:127,0
DA:136,0
DA:143,0
LF:44
LH:1
end_of_record
SF:lib\features\home\presentation\state\artist_state.dart
DA:11,1
DA:18,1
DA:19,1
DA:20,1
DA:27,1
DA:33,1
DA:34,1
DA:35,1
DA:36,1
DA:37,1
LF:10
LH:10
end_of_record
SF:lib\features\home\presentation\view\bottom_view\dashboard_view.dart
DA:355,4
DA:357,0
DA:358,0
DA:366,0
DA:368,0
DA:369,0
DA:370,0
DA:373,0
DA:375,0
DA:376,0
DA:379,0
DA:380,0
DA:381,0
DA:382,0
DA:383,0
DA:384,0
DA:386,0
DA:387,0
DA:388,0
DA:389,0
DA:390,0
DA:394,0
DA:395,0
DA:397,0
DA:398,0
DA:400,0
DA:401,0
DA:408,0
DA:409,0
DA:410,0
DA:412,0
DA:413,0
DA:415,0
DA:417,0
DA:419,0
DA:427,0
DA:428,0
DA:429,0
DA:430,0
DA:431,0
DA:434,0
DA:436,0
DA:438,0
DA:444,0
DA:448,0
DA:449,0
DA:450,0
DA:451,0
DA:454,0
DA:456,0
DA:457,0
DA:458,0
DA:464,0
DA:468,0
DA:469,0
DA:470,0
DA:471,0
DA:472,0
DA:475,0
DA:477,0
DA:480,0
DA:487,0
DA:490,0
DA:500,0
DA:501,0
DA:502,0
DA:503,0
DA:509,0
DA:510,0
LF:69
LH:1
end_of_record
SF:lib\features\home\presentation\view\bottom_view\wishlist_view.dart
DA:4,0
DA:6,0
DA:7,0
DA:11,0
DA:13,0
DA:14,0
LF:6
LH:0
end_of_record
SF:lib\features\home\presentation\viewmodel\home_view_model.dart
DA:6,0
DA:7,0
DA:11,0
DA:14,0
DA:15,0
DA:16,0
DA:17,0
DA:20,0
DA:21,0
LF:9
LH:0
end_of_record
SF:lib\features\mybooking\presentation\view\booking_list_view.dart
DA:7,8
DA:9,0
DA:11,0
DA:13,0
DA:14,0
DA:17,0
DA:19,0
DA:20,0
DA:21,0
DA:23,0
DA:25,0
DA:27,0
DA:36,0
DA:38,0
DA:39,0
DA:41,0
DA:42,0
DA:44,0
DA:45,0
DA:46,0
DA:53,0
DA:54,0
DA:55,0
DA:61,0
DA:68,0
DA:69,0
DA:71,0
DA:74,0
DA:75,0
DA:76,0
DA:77,0
DA:78,0
DA:82,0
DA:83,0
DA:84,0
DA:85,0
DA:94,0
DA:98,0
DA:100,0
DA:102,0
DA:103,0
DA:104,0
DA:105,0
DA:106,0
LF:44
LH:1
end_of_record
SF:lib\features\profile\presentation\view\profile_view.dart
DA:14,4
DA:16,0
DA:17,0
DA:67,0
DA:69,0
DA:71,0
DA:75,0
DA:76,0
DA:80,0
DA:82,0
DA:83,0
DA:88,0
DA:89,0
DA:91,0
DA:93,0
DA:94,0
DA:95,0
DA:96,0
DA:97,0
DA:115,0
DA:118,0
DA:119,0
DA:120,0
DA:121,0
DA:122,0
DA:126,0
DA:129,0
DA:130,0
DA:131,0
DA:136,0
DA:137,0
DA:138,0
DA:141,0
DA:142,0
DA:146,0
DA:148,0
DA:149,0
DA:152,0
DA:153,0
DA:154,0
DA:156,0
DA:157,0
DA:158,0
DA:161,0
DA:162,0
DA:163,0
DA:164,0
LF:47
LH:1
end_of_record
SF:lib\features\mybooking\presentation\navigator\booking_list_navigator.dart
DA:6,0
DA:7,0
DA:13,0
DA:14,0
LF:4
LH:0
end_of_record
SF:lib\features\payment\navigator\kpar_navigator.dart
DA:7,0
DA:8,0
DA:14,0
DA:15,0
LF:4
LH:0
end_of_record
SF:lib\features\mybooking\presentation\state\booking_list_state.dart
DA:9,0
DA:14,0
DA:15,0
DA:18,0
DA:22,0
DA:27,0
DA:28,0
DA:29,0
DA:30,0
LF:9
LH:0
end_of_record
SF:lib\features\mybooking\presentation\viewmodel\booking_list_view_model.dart
DA:6,0
DA:7,0
DA:8,0
DA:9,0
DA:10,0
DA:12,0
DA:20,0
DA:21,0
DA:22,0
DA:25,0
DA:26,0
DA:27,0
DA:28,0
DA:29,0
DA:30,0
DA:32,0
DA:33,0
DA:42,0
DA:43,0
LF:19
LH:0
end_of_record
SF:lib\features\payment\view\kpay_view.dart
DA:6,4
DA:8,0
DA:9,0
DA:15,0
DA:17,0
DA:18,0
DA:21,0
DA:22,0
DA:26,0
DA:27,0
DA:28,0
DA:29,0
DA:33,0
DA:34,0
DA:35,0
DA:47,0
DA:48,0
DA:49,0
DA:58,0
DA:61,0
DA:62,0
DA:63,0
DA:67,0
DA:68,0
DA:69,0
DA:70,0
DA:71,0
DA:73,0
DA:74,0
DA:76,0
DA:77,0
DA:78,0
DA:81,0
DA:89,0
DA:90,0
DA:91,0
DA:95,0
DA:96,0
LF:38
LH:1
end_of_record
SF:lib\features\profile\presentation\state\profile_state.dart
DA:9,0
DA:15,0
DA:16,0
DA:23,0
DA:28,0
DA:29,0
DA:30,0
DA:31,0
DA:33,0
LF:9
LH:0
end_of_record
SF:lib\features\profile\presentation\view_model\profile_view_model.dart
DA:14,0
DA:15,0
DA:16,0
DA:17,0
DA:19,0
DA:28,0
DA:32,0
DA:33,0
DA:36,0
DA:37,0
DA:38,0
DA:39,0
DA:40,0
DA:43,0
DA:45,0
DA:46,0
DA:47,0
DA:48,0
DA:49,0
DA:50,0
DA:52,0
DA:53,0
DA:54,0
DA:58,0
DA:60,0
DA:64,0
DA:65,0
DA:66,0
DA:67,0
DA:72,0
DA:73,0
DA:74,0
DA:75,0
DA:76,0
DA:78,0
DA:82,0
DA:91,0
DA:96,0
DA:97,0
DA:98,0
DA:103,0
DA:104,0
DA:105,0
DA:106,0
DA:107,0
DA:108,0
DA:110,0
DA:111,0
DA:112,0
DA:114,0
DA:120,0
DA:124,0
DA:125,0
DA:128,0
DA:129,0
LF:55
LH:0
end_of_record
SF:lib\features\profile\presentation\widgets\profile_menu.dart
DA:5,0
DA:15,0
DA:17,0
DA:19,0
DA:20,0
DA:24,0
DA:25,0
DA:27,0
DA:28,0
DA:29,0
DA:35,0
LF:11
LH:0
end_of_record
SF:lib\core\networking\remote\dio_error_interceptor.dart
DA:4,0
DA:6,0
DA:8,0
DA:9,0
DA:10,0
DA:11,0
DA:12,0
DA:13,0
DA:16,0
DA:17,0
DA:18,0
DA:20,0
DA:25,0
DA:26,0
DA:28,0
DA:31,0
LF:16
LH:0
end_of_record
SF:lib\features\home\data\data_source\remote\artist_remote_data_source.dart
DA:14,0
DA:15,0
DA:16,0
DA:17,0
DA:18,0
DA:30,0
DA:36,0
DA:39,0
DA:40,0
DA:41,0
DA:43,0
DA:47,0
DA:48,0
DA:49,0
DA:53,0
DA:54,0
DA:55,0
DA:57,0
DA:58,0
DA:59,0
DA:60,0
DA:61,0
DA:65,0
DA:68,0
DA:69,0
DA:70,0
DA:71,0
DA:75,0
DA:78,0
DA:79,0
DA:80,0
DA:81,0
DA:82,0
DA:87,0
DA:88,0
DA:90,0
DA:91,0
DA:92,0
DA:95,0
DA:96,0
DA:97,0
DA:99,0
DA:100,0
LF:43
LH:0
end_of_record
SF:lib\features\home\data\dto\pagination_dto.dart
DA:14,0
DA:20,0
DA:22,0
DA:23,0
LF:4
LH:0
end_of_record
SF:lib\features\home\data\dto\pagination_dto.g.dart
DA:9,0
DA:10,0
DA:11,0
DA:12,0
DA:13,0
DA:14,0
DA:15,0
DA:18,0
DA:19,0
DA:20,0
DA:21,0
DA:22,0
LF:12
LH:0
end_of_record
SF:lib\features\home\data\model\artist_api_model.dart
DA:10,0
DA:11,0
DA:23,0
DA:32,7
DA:40,0
DA:41,0
DA:43,0
DA:46,0
DA:47,0
DA:48,0
DA:49,0
DA:50,0
DA:51,0
DA:52,0
DA:53,0
DA:58,0
DA:59,0
DA:60,0
DA:61,0
DA:62,0
DA:63,0
DA:64,0
DA:65,0
DA:70,0
DA:71,0
DA:74,0
DA:75,0
DA:78,0
DA:79,0
DA:80,0
DA:81,0
DA:82,0
DA:83,0
DA:84,0
DA:85,0
LF:35
LH:1
end_of_record
SF:lib\features\home\data\model\artist_api_model.g.dart
DA:9,0
DA:10,0
DA:11,0
DA:12,0
DA:13,0
DA:14,0
DA:15,0
DA:16,0
DA:19,0
DA:20,0
DA:21,0
DA:22,0
DA:23,0
DA:24,0
DA:25,0
DA:26,0
LF:16
LH:0
end_of_record
SF:lib\features\home\data\repository\artist_remote_repository.dart
DA:14,0
DA:15,0
DA:16,0
DA:23,0
DA:25,0
DA:27,0
DA:31,0
DA:33,0
LF:8
LH:0
end_of_record
SF:lib\features\single_artist\presentation\state\single_artist_state.dart
DA:10,1
DA:17,2
DA:24,1
DA:30,1
DA:31,1
DA:32,0
DA:33,1
DA:34,1
LF:8
LH:7
end_of_record
SF:lib\features\single_artist\presentation\viewmodel\single_artist_view_model.dart
DA:8,2
DA:9,1
DA:10,0
DA:11,0
DA:12,0
DA:16,1
DA:19,2
DA:24,1
DA:25,3
DA:26,2
DA:27,1
DA:28,0
DA:29,0
DA:30,1
DA:31,3
DA:39,0
DA:40,0
DA:41,0
DA:42,0
DA:45,0
DA:46,0
DA:50,0
LF:22
LH:10
end_of_record
